d:\program files\myproject\origin\m2_kursov\kursovoy\transport_dll\x64\debug\vc143.pdb
d:\program files\myproject\origin\m2_kursov\kursovoy\transport_dll\x64\debug\vc143.idb
d:\program files\myproject\origin\m2_kursov\kursovoy\transport_dll\x64\debug\1_trground.obj
d:\program files\myproject\origin\m2_kursov\kursovoy\transport_dll\x64\debug\1_trfly.obj
d:\program files\myproject\origin\m2_kursov\kursovoy\transport_dll\x64\debug\1_transport.obj
d:\program files\myproject\origin\m2_kursov\kursovoy\transport_dll\x64\debug\1_kentavr.obj
d:\program files\myproject\origin\m2_kursov\kursovoy\transport_dll\x64\debug\1_eagle.obj
d:\program files\myproject\origin\m2_kursov\kursovoy\transport_dll\x64\debug\1_carpet.obj
d:\program files\myproject\origin\m2_kursov\kursovoy\transport_dll\x64\debug\1_camelfast.obj
d:\program files\myproject\origin\m2_kursov\kursovoy\transport_dll\x64\debug\1_camel.obj
d:\program files\myproject\origin\m2_kursov\kursovoy\transport_dll\x64\debug\1_broom.obj
d:\program files\myproject\origin\m2_kursov\kursovoy\transport_dll\x64\debug\1_boots.obj
d:\program files\myproject\origin\m2_kursov\kursovoy\transport_dll\x64\debug\transport_dll.ilk
d:\program files\myproject\origin\m2_kursov\kursovoy\x64\debug\transport_dll.dll
d:\program files\myproject\origin\m2_kursov\kursovoy\x64\debug\transport_dll.pdb
d:\program files\myproject\origin\m2_kursov\kursovoy\x64\debug\transport_dll.lib
d:\program files\myproject\origin\m2_kursov\kursovoy\x64\debug\transport_dll.exp
d:\program files\myproject\origin\m2_kursov\kursovoy\transport_dll\x64\debug\transport_dll.tlog\cl.command.1.tlog
d:\program files\myproject\origin\m2_kursov\kursovoy\transport_dll\x64\debug\transport_dll.tlog\cl.items.tlog
d:\program files\myproject\origin\m2_kursov\kursovoy\transport_dll\x64\debug\transport_dll.tlog\cl.read.1.tlog
d:\program files\myproject\origin\m2_kursov\kursovoy\transport_dll\x64\debug\transport_dll.tlog\cl.write.1.tlog
d:\program files\myproject\origin\m2_kursov\kursovoy\transport_dll\x64\debug\transport_dll.tlog\link.command.1.tlog
d:\program files\myproject\origin\m2_kursov\kursovoy\transport_dll\x64\debug\transport_dll.tlog\link.read.1.tlog
d:\program files\myproject\origin\m2_kursov\kursovoy\transport_dll\x64\debug\transport_dll.tlog\link.write.1.tlog
d:\program files\myproject\origin\m2_kursov\kursovoy\transport_dll\x64\debug\transport_dll.tlog\link.write.2u.tlog
