d:\program files\myproject\origin\l11_сборка библиотек\l11_task4\l11_task4\l11_task4_lib\x64\debug\vc143.pdb
d:\program files\myproject\origin\l11_сборка библиотек\l11_task4\l11_task4\l11_task4_lib\x64\debug\vc143.idb
d:\program files\myproject\origin\l11_сборка библиотек\l11_task4\l11_task4\l11_task4_lib\x64\debug\trian.obj
d:\program files\myproject\origin\l11_сборка библиотек\l11_task4\l11_task4\l11_task4_lib\x64\debug\square.obj
d:\program files\myproject\origin\l11_сборка библиотек\l11_task4\l11_task4\l11_task4_lib\x64\debug\rhombus.obj
d:\program files\myproject\origin\l11_сборка библиотек\l11_task4\l11_task4\l11_task4_lib\x64\debug\rect.obj
d:\program files\myproject\origin\l11_сборка библиотек\l11_task4\l11_task4\l11_task4_lib\x64\debug\r_trian.obj
d:\program files\myproject\origin\l11_сборка библиотек\l11_task4\l11_task4\l11_task4_lib\x64\debug\quadr.obj
d:\program files\myproject\origin\l11_сборка библиотек\l11_task4\l11_task4\l11_task4_lib\x64\debug\paral.obj
d:\program files\myproject\origin\l11_сборка библиотек\l11_task4\l11_task4\l11_task4_lib\x64\debug\is_trian.obj
d:\program files\myproject\origin\l11_сборка библиотек\l11_task4\l11_task4\l11_task4_lib\x64\debug\e_trian.obj
d:\program files\myproject\origin\l11_сборка библиотек\l11_task4\l11_task4\l11_task4_lib\x64\debug\figure.obj
d:\program files\myproject\origin\l11_сборка библиотек\l11_task4\l11_task4\x64\debug\l11_task4_lib.lib
d:\program files\myproject\origin\l11_сборка библиотек\l11_task4\l11_task4\x64\debug\l11_task4_lib.exp
d:\program files\myproject\origin\l11_сборка библиотек\l11_task4\l11_task4\x64\debug\l11_task4_lib.dll
d:\program files\myproject\origin\l11_сборка библиотек\l11_task4\l11_task4\l11_task4_lib\x64\debug\l11_task4_lib.ilk
d:\program files\myproject\origin\l11_сборка библиотек\l11_task4\l11_task4\x64\debug\l11_task4_lib.pdb
d:\program files\myproject\origin\l11_сборка библиотек\l11_task4\l11_task4\l11_task4_lib\x64\debug\l11_task4_lib.tlog\cl.command.1.tlog
d:\program files\myproject\origin\l11_сборка библиотек\l11_task4\l11_task4\l11_task4_lib\x64\debug\l11_task4_lib.tlog\cl.items.tlog
d:\program files\myproject\origin\l11_сборка библиотек\l11_task4\l11_task4\l11_task4_lib\x64\debug\l11_task4_lib.tlog\cl.read.1.tlog
d:\program files\myproject\origin\l11_сборка библиотек\l11_task4\l11_task4\l11_task4_lib\x64\debug\l11_task4_lib.tlog\cl.write.1.tlog
d:\program files\myproject\origin\l11_сборка библиотек\l11_task4\l11_task4\l11_task4_lib\x64\debug\l11_task4_lib.tlog\link.command.1.tlog
d:\program files\myproject\origin\l11_сборка библиотек\l11_task4\l11_task4\l11_task4_lib\x64\debug\l11_task4_lib.tlog\link.read.1.tlog
d:\program files\myproject\origin\l11_сборка библиотек\l11_task4\l11_task4\l11_task4_lib\x64\debug\l11_task4_lib.tlog\link.write.1.tlog
d:\program files\myproject\origin\l11_сборка библиотек\l11_task4\l11_task4\l11_task4_lib\x64\debug\l11_task4_lib.tlog\link.write.2u.tlog
